CRITICAL - 2024-05-27 03:36:12 --> Error: Class "Locale" not found
[Method: GET, Route: /]
in SYSTEMPATH\CodeIgniter.php on line 190.
 1 SYSTEMPATH\Boot.php(299): CodeIgniter\CodeIgniter->initialize()
 2 SYSTEMPATH\Boot.php(101): CodeIgniter\Boot::initializeCodeIgniter()
 3 ROOTPATH\spark(84): CodeIgniter\Boot::bootSpark(Object(Config\Paths))
CRITICAL - 2024-05-27 03:36:13 --> ErrorException: Uncaught Error: Class "Locale" not found in C:\irfan\xampp\htdocs\showroom\system\I18n\TimeTrait.php:76
Stack trace:
#0 C:\irfan\xampp\htdocs\showroom\system\I18n\TimeTrait.php(117): CodeIgniter\I18n\Time->__construct(NULL, NULL, NULL)
#1 C:\irfan\xampp\htdocs\showroom\system\HTTP\ResponseTrait.php(395): CodeIgniter\I18n\Time::now()
#2 C:\irfan\xampp\htdocs\showroom\system\HTTP\ResponseTrait.php(373): CodeIgniter\HTTP\Response->sendHeaders()
#3 C:\irfan\xampp\htdocs\showroom\system\Debug\ExceptionHandler.php(83): CodeIgniter\HTTP\Response->send()
#4 C:\irfan\xampp\htdocs\showroom\system\Debug\Exceptions.php(164): CodeIgniter\Debug\ExceptionHandler->handle(Object(Error), Object(CodeIgniter\HTTP\IncomingRequest), Object(CodeIgniter\HTTP\Response), 500, 1)
#5 [internal function]: CodeIgniter\Debug\Exceptions->exceptionHandler(Object(Error))
#6 {main}
  thrown
【Previous Exception】
Error
Class "Locale" not found
#0 C:\irfan\xampp\htdocs\showroom\system\Boot.php(299): CodeIgniter\CodeIgniter->initialize()
#1 C:\irfan\xampp\htdocs\showroom\system\Boot.php(101): CodeIgniter\Boot::initializeCodeIgniter()
#2 C:\irfan\xampp\htdocs\showroom\spark(84): CodeIgniter\Boot::bootSpark(Object(Config\Paths))
#3 {main}
[Method: GET, Route: /]
in SYSTEMPATH\I18n\TimeTrait.php on line 76.
 1 [internal function]: CodeIgniter\Debug\Exceptions->shutdownHandler()
CRITICAL - 2024-05-27 03:37:20 --> Error: Class "Locale" not found
[Method: GET, Route: /]
in SYSTEMPATH\CodeIgniter.php on line 190.
 1 SYSTEMPATH\Boot.php(299): CodeIgniter\CodeIgniter->initialize()
 2 SYSTEMPATH\Boot.php(101): CodeIgniter\Boot::initializeCodeIgniter()
 3 ROOTPATH\spark(84): CodeIgniter\Boot::bootSpark(Object(Config\Paths))
CRITICAL - 2024-05-27 03:37:20 --> ErrorException: Uncaught Error: Class "Locale" not found in C:\irfan\xampp\htdocs\showroom\system\I18n\TimeTrait.php:76
Stack trace:
#0 C:\irfan\xampp\htdocs\showroom\system\I18n\TimeTrait.php(117): CodeIgniter\I18n\Time->__construct(NULL, NULL, NULL)
#1 C:\irfan\xampp\htdocs\showroom\system\HTTP\ResponseTrait.php(395): CodeIgniter\I18n\Time::now()
#2 C:\irfan\xampp\htdocs\showroom\system\HTTP\ResponseTrait.php(373): CodeIgniter\HTTP\Response->sendHeaders()
#3 C:\irfan\xampp\htdocs\showroom\system\Debug\ExceptionHandler.php(83): CodeIgniter\HTTP\Response->send()
#4 C:\irfan\xampp\htdocs\showroom\system\Debug\Exceptions.php(164): CodeIgniter\Debug\ExceptionHandler->handle(Object(Error), Object(CodeIgniter\HTTP\IncomingRequest), Object(CodeIgniter\HTTP\Response), 500, 1)
#5 [internal function]: CodeIgniter\Debug\Exceptions->exceptionHandler(Object(Error))
#6 {main}
  thrown
【Previous Exception】
Error
Class "Locale" not found
#0 C:\irfan\xampp\htdocs\showroom\system\Boot.php(299): CodeIgniter\CodeIgniter->initialize()
#1 C:\irfan\xampp\htdocs\showroom\system\Boot.php(101): CodeIgniter\Boot::initializeCodeIgniter()
#2 C:\irfan\xampp\htdocs\showroom\spark(84): CodeIgniter\Boot::bootSpark(Object(Config\Paths))
#3 {main}
[Method: GET, Route: /]
in SYSTEMPATH\I18n\TimeTrait.php on line 76.
 1 [internal function]: CodeIgniter\Debug\Exceptions->shutdownHandler()
CRITICAL - 2024-05-27 03:37:38 --> Error: Class "Locale" not found
[Method: GET, Route: /]
in SYSTEMPATH\CodeIgniter.php on line 190.
 1 SYSTEMPATH\Boot.php(299): CodeIgniter\CodeIgniter->initialize()
 2 SYSTEMPATH\Boot.php(101): CodeIgniter\Boot::initializeCodeIgniter()
 3 ROOTPATH\spark(84): CodeIgniter\Boot::bootSpark(Object(Config\Paths))
CRITICAL - 2024-05-27 03:37:38 --> ErrorException: Uncaught Error: Class "Locale" not found in C:\irfan\xampp\htdocs\showroom\system\I18n\TimeTrait.php:76
Stack trace:
#0 C:\irfan\xampp\htdocs\showroom\system\I18n\TimeTrait.php(117): CodeIgniter\I18n\Time->__construct(NULL, NULL, NULL)
#1 C:\irfan\xampp\htdocs\showroom\system\HTTP\ResponseTrait.php(395): CodeIgniter\I18n\Time::now()
#2 C:\irfan\xampp\htdocs\showroom\system\HTTP\ResponseTrait.php(373): CodeIgniter\HTTP\Response->sendHeaders()
#3 C:\irfan\xampp\htdocs\showroom\system\Debug\ExceptionHandler.php(83): CodeIgniter\HTTP\Response->send()
#4 C:\irfan\xampp\htdocs\showroom\system\Debug\Exceptions.php(164): CodeIgniter\Debug\ExceptionHandler->handle(Object(Error), Object(CodeIgniter\HTTP\IncomingRequest), Object(CodeIgniter\HTTP\Response), 500, 1)
#5 [internal function]: CodeIgniter\Debug\Exceptions->exceptionHandler(Object(Error))
#6 {main}
  thrown
【Previous Exception】
Error
Class "Locale" not found
#0 C:\irfan\xampp\htdocs\showroom\system\Boot.php(299): CodeIgniter\CodeIgniter->initialize()
#1 C:\irfan\xampp\htdocs\showroom\system\Boot.php(101): CodeIgniter\Boot::initializeCodeIgniter()
#2 C:\irfan\xampp\htdocs\showroom\spark(84): CodeIgniter\Boot::bootSpark(Object(Config\Paths))
#3 {main}
[Method: GET, Route: /]
in SYSTEMPATH\I18n\TimeTrait.php on line 76.
 1 [internal function]: CodeIgniter\Debug\Exceptions->shutdownHandler()
ERROR - 2024-05-27 01:41:49 --> Error connecting to the database: mysqli_sql_exception: Unknown database 'showroom' in C:\irfan\xampp\htdocs\showroom\system\Database\MySQLi\Connection.php:187
Stack trace:
#0 C:\irfan\xampp\htdocs\showroom\system\Database\MySQLi\Connection.php(187): mysqli->real_connect('localhost', 'root', '', 'showroom', 3306, '', 0)
#1 C:\irfan\xampp\htdocs\showroom\system\Database\BaseConnection.php(421): CodeIgniter\Database\MySQLi\Connection->connect(false)
#2 C:\irfan\xampp\htdocs\showroom\system\Database\BaseConnection.php(604): CodeIgniter\Database\BaseConnection->initialize()
#3 C:\irfan\xampp\htdocs\showroom\system\Database\BaseBuilder.php(1629): CodeIgniter\Database\BaseConnection->query('SELECT *\nFROM `...', Array, false)
#4 C:\irfan\xampp\htdocs\showroom\system\Model.php(275): CodeIgniter\Database\BaseBuilder->get()
#5 C:\irfan\xampp\htdocs\showroom\system\BaseModel.php(676): CodeIgniter\Model->doFindAll(0, 0)
#6 C:\irfan\xampp\htdocs\showroom\app\Controllers\Home.php(15): CodeIgniter\BaseModel->findAll()
#7 C:\irfan\xampp\htdocs\showroom\system\CodeIgniter.php(933): App\Controllers\Home->index()
#8 C:\irfan\xampp\htdocs\showroom\system\CodeIgniter.php(509): CodeIgniter\CodeIgniter->runController(Object(App\Controllers\Home))
#9 C:\irfan\xampp\htdocs\showroom\system\CodeIgniter.php(355): CodeIgniter\CodeIgniter->handleRequest(NULL, Object(Config\Cache), false)
#10 C:\irfan\xampp\htdocs\showroom\system\Boot.php(312): CodeIgniter\CodeIgniter->run()
#11 C:\irfan\xampp\htdocs\showroom\system\Boot.php(67): CodeIgniter\Boot::runCodeIgniter(Object(CodeIgniter\CodeIgniter))
#12 C:\irfan\xampp\htdocs\showroom\public\index.php(56): CodeIgniter\Boot::bootWeb(Object(Config\Paths))
#13 C:\irfan\xampp\htdocs\showroom\system\Commands\Server\rewrite.php(49): require_once('C:\\irfan\\xampp\\...')
#14 {main}

Next CodeIgniter\Database\Exceptions\DatabaseException: Unknown database 'showroom' in C:\irfan\xampp\htdocs\showroom\system\Database\MySQLi\Connection.php:231
Stack trace:
#0 C:\irfan\xampp\htdocs\showroom\system\Database\BaseConnection.php(421): CodeIgniter\Database\MySQLi\Connection->connect(false)
#1 C:\irfan\xampp\htdocs\showroom\system\Database\BaseConnection.php(604): CodeIgniter\Database\BaseConnection->initialize()
#2 C:\irfan\xampp\htdocs\showroom\system\Database\BaseBuilder.php(1629): CodeIgniter\Database\BaseConnection->query('SELECT *\nFROM `...', Array, false)
#3 C:\irfan\xampp\htdocs\showroom\system\Model.php(275): CodeIgniter\Database\BaseBuilder->get()
#4 C:\irfan\xampp\htdocs\showroom\system\BaseModel.php(676): CodeIgniter\Model->doFindAll(0, 0)
#5 C:\irfan\xampp\htdocs\showroom\app\Controllers\Home.php(15): CodeIgniter\BaseModel->findAll()
#6 C:\irfan\xampp\htdocs\showroom\system\CodeIgniter.php(933): App\Controllers\Home->index()
#7 C:\irfan\xampp\htdocs\showroom\system\CodeIgniter.php(509): CodeIgniter\CodeIgniter->runController(Object(App\Controllers\Home))
#8 C:\irfan\xampp\htdocs\showroom\system\CodeIgniter.php(355): CodeIgniter\CodeIgniter->handleRequest(NULL, Object(Config\Cache), false)
#9 C:\irfan\xampp\htdocs\showroom\system\Boot.php(312): CodeIgniter\CodeIgniter->run()
#10 C:\irfan\xampp\htdocs\showroom\system\Boot.php(67): CodeIgniter\Boot::runCodeIgniter(Object(CodeIgniter\CodeIgniter))
#11 C:\irfan\xampp\htdocs\showroom\public\index.php(56): CodeIgniter\Boot::bootWeb(Object(Config\Paths))
#12 C:\irfan\xampp\htdocs\showroom\system\Commands\Server\rewrite.php(49): require_once('C:\\irfan\\xampp\\...')
#13 {main}
CRITICAL - 2024-05-27 01:41:49 --> CodeIgniter\Database\Exceptions\DatabaseException: Unable to connect to the database.
Main connection [MySQLi]: Unknown database 'showroom'
[Method: GET, Route: /]
in SYSTEMPATH\Database\BaseConnection.php on line 457.
 1 SYSTEMPATH\Database\BaseConnection.php(604): CodeIgniter\Database\BaseConnection->initialize()
 2 SYSTEMPATH\Database\BaseBuilder.php(1629): CodeIgniter\Database\BaseConnection->query('SELECT *
FROM `mobil`', [], false)
 3 SYSTEMPATH\Model.php(275): CodeIgniter\Database\BaseBuilder->get()
 4 SYSTEMPATH\BaseModel.php(676): CodeIgniter\Model->doFindAll(0, 0)
 5 APPPATH\Controllers\Home.php(15): CodeIgniter\BaseModel->findAll()
 6 SYSTEMPATH\CodeIgniter.php(933): App\Controllers\Home->index()
 7 SYSTEMPATH\CodeIgniter.php(509): CodeIgniter\CodeIgniter->runController(Object(App\Controllers\Home))
 8 SYSTEMPATH\CodeIgniter.php(355): CodeIgniter\CodeIgniter->handleRequest(null, Object(Config\Cache), false)
 9 SYSTEMPATH\Boot.php(312): CodeIgniter\CodeIgniter->run()
10 SYSTEMPATH\Boot.php(67): CodeIgniter\Boot::runCodeIgniter(Object(CodeIgniter\CodeIgniter))
11 FCPATH\index.php(56): CodeIgniter\Boot::bootWeb(Object(Config\Paths))
12 SYSTEMPATH\Commands\Server\rewrite.php(49): require_once('C:\\irfan\\xampp\\htdocs\\showroom\\public\\index.php')
